{"message":"STARTING FOR ENVIRONMENT: localhost","level":"info","timestamp":"12/18/2018, 11:59:04 AM"}
{"message":"DATABASE: Connection is created.","level":"info","timestamp":"12/18/2018, 11:59:12 AM"}
{"message":"STARTING FOR ENVIRONMENT: localhost","level":"info","timestamp":"12/18/2018, 12:11:28 PM"}
{"message":"STARTING FOR ENVIRONMENT: localhost","level":"info","timestamp":"12/18/2018, 12:25:47 PM"}
{"message":"DATABASE: Connection is created.","level":"info","timestamp":"12/18/2018, 12:43:11 PM"}
{"message":"STARTING FOR ENVIRONMENT: localhost","level":"info","timestamp":"12/18/2018, 1:11:20 PM"}
{"message":"STARTING FOR ENVIRONMENT: localhost","level":"info","timestamp":"12/18/2018, 1:11:29 PM"}
{"message":"STARTING FOR ENVIRONMENT: localhost","level":"info","timestamp":"12/18/2018, 1:13:29 PM"}
{"message":"STARTING FOR ENVIRONMENT: localhost","level":"info","timestamp":"12/18/2018, 1:14:02 PM"}
{"message":"STARTING FOR ENVIRONMENT: localhost","level":"info","timestamp":"12/18/2018, 1:14:04 PM"}
{"message":"DATABASE: Connection is created.","level":"info","timestamp":"12/18/2018, 1:14:10 PM"}
{"message":"STARTING FOR ENVIRONMENT: localhost","level":"info","timestamp":"12/18/2018, 1:16:47 PM"}
{"message":"DATABASE: Connection is created.","level":"info","timestamp":"12/18/2018, 1:19:58 PM"}
{"message":"STARTING FOR ENVIRONMENT: localhost","level":"info","timestamp":"12/18/2018, 1:47:08 PM"}
{"message":"STARTING FOR ENVIRONMENT: localhost","level":"info","timestamp":"12/18/2018, 1:51:03 PM"}
{"message":"DATABASE: Connection is created.","level":"info","timestamp":"12/18/2018, 1:51:04 PM"}
{"message":"STARTING FOR ENVIRONMENT: localhost","level":"info","timestamp":"12/18/2018, 1:53:17 PM"}
{"message":"DATABASE: Connection is created.","level":"info","timestamp":"12/18/2018, 1:53:19 PM"}
{"message":"{\"code\":\"EREQUEST\",\"number\":207,\"lineNumber\":16,\"state\":1,\"class\":16,\"serverName\":\"DPSQL2014\",\"procName\":\"SearchDealer\",\"originalError\":{\"info\":{\"number\":207,\"state\":1,\"class\":16,\"message\":\"Invalid column name 'Name'.\",\"serverName\":\"DPSQL2014\",\"procName\":\"SearchDealer\",\"lineNumber\":16,\"name\":\"ERROR\",\"event\":\"errorMessage\"}},\"name\":\"RequestError\",\"precedingErrors\":[{\"code\":\"EREQUEST\",\"number\":207,\"lineNumber\":16,\"state\":1,\"class\":16,\"serverName\":\"DPSQL2014\",\"procName\":\"SearchDealer\",\"originalError\":{\"info\":{\"number\":207,\"state\":1,\"class\":16,\"message\":\"Invalid column name 'Name'.\",\"serverName\":\"DPSQL2014\",\"procName\":\"SearchDealer\",\"lineNumber\":16,\"name\":\"ERROR\",\"event\":\"errorMessage\"}},\"name\":\"RequestError\"},{\"code\":\"EREQUEST\",\"number\":207,\"lineNumber\":16,\"state\":1,\"class\":16,\"serverName\":\"DPSQL2014\",\"procName\":\"SearchDealer\",\"originalError\":{\"info\":{\"number\":207,\"state\":1,\"class\":16,\"message\":\"Invalid column name 'Name'.\",\"serverName\":\"DPSQL2014\",\"procName\":\"SearchDealer\",\"lineNumber\":16,\"name\":\"ERROR\",\"event\":\"errorMessage\"}},\"name\":\"RequestError\"}]}","level":"error","timestamp":"12/18/2018, 2:11:48 PM"}
{"message":"STARTING FOR ENVIRONMENT: localhost","level":"info","timestamp":"12/18/2018, 2:24:29 PM"}
{"message":"DATABASE: Connection is created.","level":"info","timestamp":"12/18/2018, 2:24:31 PM"}
{"message":"STARTING FOR ENVIRONMENT: localhost","level":"info","timestamp":"12/18/2018, 4:01:38 PM"}
{"message":"DATABASE: Connection is created.","level":"info","timestamp":"12/18/2018, 4:01:43 PM"}
{"message":"STARTING FOR ENVIRONMENT: localhost","level":"info","timestamp":"12/18/2018, 4:04:28 PM"}
{"message":"STARTING FOR ENVIRONMENT: localhost","level":"info","timestamp":"12/18/2018, 4:50:35 PM"}
{"message":"STARTING FOR ENVIRONMENT: localhost","level":"info","timestamp":"12/18/2018, 5:15:12 PM"}
{"message":"STARTING FOR ENVIRONMENT: localhost","level":"info","timestamp":"12/18/2018, 5:15:33 PM"}
{"message":"STARTING FOR ENVIRONMENT: localhost","level":"info","timestamp":"12/18/2018, 5:19:15 PM"}
{"message":"STARTING FOR ENVIRONMENT: localhost","level":"info","timestamp":"12/18/2018, 5:21:55 PM"}
{"message":"STARTING FOR ENVIRONMENT: localhost","level":"info","timestamp":"12/18/2018, 5:24:23 PM"}
{"message":"STARTING FOR ENVIRONMENT: localhost","level":"info","timestamp":"12/18/2018, 5:28:18 PM"}
{"message":"STARTING FOR ENVIRONMENT: localhost","level":"info","timestamp":"12/18/2018, 5:30:35 PM"}
{"message":"STARTING FOR ENVIRONMENT: localhost","level":"info","timestamp":"12/18/2018, 5:35:16 PM"}
{"message":"STARTING FOR ENVIRONMENT: localhost","level":"info","timestamp":"12/18/2018, 5:35:59 PM"}
{"message":"STARTING FOR ENVIRONMENT: localhost","level":"info","timestamp":"12/18/2018, 5:36:15 PM"}
{"message":"STARTING FOR ENVIRONMENT: localhost","level":"info","timestamp":"12/18/2018, 5:38:13 PM"}
{"message":"STARTING FOR ENVIRONMENT: localhost","level":"info","timestamp":"12/18/2018, 5:39:59 PM"}
{"message":"STARTING FOR ENVIRONMENT: localhost","level":"info","timestamp":"12/18/2018, 5:57:42 PM"}
{"message":"STARTING FOR ENVIRONMENT: localhost","level":"info","timestamp":"12/18/2018, 5:57:46 PM"}
{"message":"STARTING FOR ENVIRONMENT: localhost","level":"info","timestamp":"12/18/2018, 6:01:05 PM"}
{"message":"DATABASE: Connection is created.","level":"info","timestamp":"12/18/2018, 6:02:05 PM"}
{"message":"STARTING FOR ENVIRONMENT: localhost","level":"info","timestamp":"12/18/2018, 7:08:19 PM"}
{"message":"DATABASE: Connection is created.","level":"info","timestamp":"12/18/2018, 7:08:37 PM"}
{"message":"STARTING FOR ENVIRONMENT: localhost","level":"info","timestamp":"12/18/2018, 7:11:31 PM"}
{"message":"DATABASE: Connection is created.","level":"info","timestamp":"12/18/2018, 7:11:47 PM"}
{"message":"STARTING FOR ENVIRONMENT: localhost","level":"info","timestamp":"12/18/2018, 7:17:12 PM"}
{"message":"STARTING FOR ENVIRONMENT: localhost","level":"info","timestamp":"12/18/2018, 7:17:18 PM"}
{"message":"STARTING FOR ENVIRONMENT: localhost","level":"info","timestamp":"12/18/2018, 7:17:25 PM"}
{"message":"DATABASE: Connection is created.","level":"info","timestamp":"12/18/2018, 7:37:37 PM"}
{"message":"STARTING FOR ENVIRONMENT: localhost","level":"info","timestamp":"12/18/2018, 7:41:42 PM"}
{"message":"STARTING FOR ENVIRONMENT: localhost","level":"info","timestamp":"12/18/2018, 8:46:51 PM"}
{"message":"STARTING FOR ENVIRONMENT: localhost","level":"info","timestamp":"12/18/2018, 8:47:46 PM"}
