{"message":"STARTING FOR ENVIRONMENT: localhost","level":"info","timestamp":"12/26/2018, 11:17:28 AM"}
{"message":"DATABASE: Connection is created.","level":"info","timestamp":"12/26/2018, 11:17:32 AM"}
{"message":"STARTING FOR ENVIRONMENT: localhost","level":"info","timestamp":"12/26/2018, 11:23:13 AM"}
{"message":"DATABASE: Connection is created.","level":"info","timestamp":"12/26/2018, 11:23:28 AM"}
{"client":{"_events":{},"_eventsCount":1,"connectionParameters":{"user":"ryancondon2","database":"agrater","port":5432,"host":"v-db-devel-agrater-internal.cgidsxtmkimw.us-east-2.rds.amazonaws.com","password":"ul7UPUS6t","binary":false,"ssl":false,"client_encoding":"","isDomainSocket":false,"statement_timeout":false,"query_timeout":false},"user":"ryancondon2","database":"agrater","port":5432,"host":"v-db-devel-agrater-internal.cgidsxtmkimw.us-east-2.rds.amazonaws.com","password":"ul7UPUS6t","_types":{"_types":{"arrayParser":{}},"text":{},"binary":{}},"_ending":true,"_connecting":false,"_connected":true,"_connectionError":false,"_queryable":false,"connection":{"_events":{},"_eventsCount":19,"stream":{"connecting":false,"_hadError":false,"_handle":null,"_parent":null,"_host":"v-db-devel-agrater-internal.cgidsxtmkimw.us-east-2.rds.amazonaws.com","_readableState":{"objectMode":false,"highWaterMark":16384,"buffer":{"head":null,"tail":null,"length":0},"length":0,"pipes":null,"pipesCount":0,"flowing":true,"ended":false,"endEmitted":false,"reading":true,"sync":false,"needReadable":true,"emittedReadable":false,"readableListening":false,"resumeScheduled":false,"emitClose":false,"destroyed":true,"defaultEncoding":"utf8","awaitDrain":0,"readingMore":false,"decoder":null,"encoding":null},"readable":false,"_events":{"end":[null,null]},"_eventsCount":5,"_writableState":{"objectMode":false,"highWaterMark":16384,"finalCalled":false,"needDrain":false,"ending":false,"ended":false,"finished":false,"destroyed":true,"decodeStrings":false,"defaultEncoding":"utf8","length":0,"writing":false,"corked":0,"sync":false,"bufferProcessing":false,"writecb":null,"writelen":0,"bufferedRequest":null,"lastBufferedRequest":null,"pendingcb":0,"prefinished":false,"errorEmitted":true,"emitClose":false,"bufferedRequestCount":0,"corkedRequestsFree":{"next":null,"entry":null}},"writable":false,"allowHalfOpen":false,"_sockname":null,"_pendingData":null,"_pendingEncoding":"","server":null,"_server":null},"_keepAlive":false,"lastBuffer":false,"lastOffset":0,"buffer":null,"offset":1,"encoding":"utf8","parsedStatements":{},"writer":{"size":1024,"buffer":{"type":"Buffer","data":[83,0,0,0,4,0,83,69,76,69,67,84,32,42,32,70,82,79,77,32,117,115,101,114,108,111,103,105,110,40,36,49,44,36,50,41,0,0,0,66,0,0,0,109,0,0,0,0,0,2,0,0,0,25,97,103,114,97,116,101,114,49,50,49,64,109,97,105,108,105,110,97,116,111,114,46,99,111,109,0,0,0,64,48,99,50,52,102,55,49,101,100,52,100,55,99,51,53,54,101,57,56,54,101,53,101,51,99,101,100,50,52,99,102,102,57,99,97,51,57,51,50,53,101,55,55,51,98,49,48,100,56,57,48,54,57,99,102,50,57,102,57,57,98,97,97,99,0,0,68,0,0,0,6,80,0,69,0,0,0,9,0,0,0,0,0,72,0,0,0,4,0,0,0,0,0,0,0,0,0,0,0,0,0,0,0,0,0,0,0,0,0,0,0,0,0,0,0,0,0,0,0,0,0,0,0,0,0,0,0,0,0,0,0,0,0,0,0,0,0,0,0,0,0,0,0,0,0,0,0,0,0,0,0,0,0,0,0,0,0,0,0,0,0,0,0,0,0,0,0,0,0,0,0,0,0,0,0,0,0,0,0,0,0,0,0,0,0,0,0,0,0,0,0,0,0,0,0,0,0,0,0,0,0,0,0,0,0,0,0,0,0,0,0,0,0,0,0,0,0,0,0,0,0,0,0,0,0,0,0,0,0,0,0,0,0,0,0,0,0,0,0,0,0,0,0,0,0,0,0,0,0,0,0,0,0,0,0,0,0,0,0,0,0,0,0,0,0,0,0,0,0,0,0,0,0,0,0,0,0,0,0,0,0,0,0,0,0,0,0,0,0,0,0,0,0,0,0,0,0,0,0,0,0,0,0,0,0,0,0,0,0,0,0,0,0,0,0,0,0,0,0,0,0,0,0,0,0,0,0,0,0,0,0,0,0,0,0,0,0,0,0,0,0,0,0,0,0,0,0,0,0,0,0,0,0,0,0,0,0,0,0,0,0,0,0,0,0,0,0,0,0,0,0,0,0,0,0,0,0,0,0,0,0,0,0,0,0,0,0,0,0,0,0,0,0,0,0,0,0,0,0,0,0,0,0,0,0,0,0,0,0,0,0,0,0,0,0,0,0,0,0,0,0,0,0,0,0,0,0,0,0,0,0,0,0,0,0,0,0,0,0,0,0,0,0,0,0,0,0,0,0,0,0,0,0,0,0,0,0,0,0,0,0,0,0,0,0,0,0,0,0,0,0,0,0,0,0,0,0,0,0,0,0,0,0,0,0,0,0,0,0,0,0,0,0,0,0,0,0,0,0,0,0,0,0,0,0,0,0,0,0,0,0,0,0,0,0,0,0,0,0,0,0,0,0,0,0,0,0,0,0,0,0,0,0,0,0,0,0,0,0,0,0,0,0,0,0,0,0,0,0,0,0,0,0,0,0,0,0,0,0,0,0,0,0,0,0,0,0,0,0,0,0,0,0,0,0,0,0,0,0,0,0,0,0,0,0,0,0,0,0,0,0,0,0,0,0,0,0,0,0,0,0,0,0,0,0,0,0,0,0,0,0,0,0,0,0,0,0,0,0,0,0,0,0,0,0,0,0,0,0,0,0,0,0,0,0,0,0,0,0,0,0,0,0,0,0,0,0,0,0,0,0,0,0,0,0,0,0,0,0,0,0,0,0,0,0,0,0,0,0,0,0,0,0,0,0,0,0,0,0,0,0,0,0,0,0,0,0,0,0,0,0,0,0,0,0,0,0,0,0,0,0,0,0,0,0,0,0,0,0,0,0,0,0,0,0,0,0,0,0,0,0,0,0,0,0,0,0,0,0,0,0,0,0,0,0,0,0,0,0,0,0,0,0,0,0,0,0,0,0,0,0,0,0,0,0,0,0,0,0,0,0,0,0,0,0,0,0,0,0,0,0,0,0,0,0,0,0,0,0,0,0,0,0,0,0,0,0,0,0,0,0,0,0,0,0,0,0,0,0,0,0,0,0,0,0,0,0,0,0,0,0,0,0,0,0,0,0,0,0,0,0,0,0,0,0,0,0,0,0,0,0,0,0,0,0,0,0,0,0,0,0,0,0,0,0,0,0,0,0,0,0,0,0,0,0,0,0,0,0,0,0,0,0,0,0,0,0,0,0,0,0,0,0,0,0,0,0,0,0,0,0,0,0,0,0,0,0,0,0,0,0,0,0,0,0,0,0,0,0,0,0,0,0,0,0,0,0,0,0,0,0,0,0,0,0,0,0,0,0,0,0,0,0,0,0,0,0,0,0,0,0,0,0,0,0,0,0,0,0,0,0,0,0,0,0,0]},"offset":5,"headerPosition":0,"lastEnd":0},"ssl":false,"_ending":true,"_mode":0,"_emitMessage":false,"_reader":{"offset":6,"lastChunk":false,"chunk":{"type":"Buffer","data":[90,0,0,0,5,73]},"chunkLength":6,"headerSize":1,"lengthPadding":-4,"header":90}},"queryQueue":[],"binary":false,"processID":17564,"secretKey":1995206563,"ssl":false,"activeQuery":null,"readyForQuery":true,"hasExecuted":true},"level":"info","timestamp":"12/26/2018, 11:23:41 AM"}
{"message":"DATABASE: Connection is created.","level":"info","timestamp":"12/26/2018, 11:23:58 AM"}
{"message":"STARTING FOR ENVIRONMENT: localhost","level":"info","timestamp":"12/26/2018, 11:24:54 AM"}
{"message":"STARTING FOR ENVIRONMENT: localhost","level":"info","timestamp":"12/26/2018, 11:24:58 AM"}
{"message":"STARTING FOR ENVIRONMENT: localhost","level":"info","timestamp":"12/26/2018, 11:27:28 AM"}
{"message":"DATABASE: Connection is created.","level":"info","timestamp":"12/26/2018, 11:27:34 AM"}
{"message":"DATABASE: Connection closed due to some error.","level":"error","timestamp":"12/26/2018, 11:27:38 AM"}
{"message":"{}","level":"error","timestamp":"12/26/2018, 11:27:55 AM"}
{"message":"{}","level":"error","timestamp":"12/26/2018, 11:27:59 AM"}
{"message":"{}","level":"error","timestamp":"12/26/2018, 11:27:59 AM"}
{"message":"{}","level":"error","timestamp":"12/26/2018, 11:28:02 AM"}
{"message":"STARTING FOR ENVIRONMENT: localhost","level":"info","timestamp":"12/26/2018, 11:30:43 AM"}
{"message":"DATABASE: Connection is created.","level":"info","timestamp":"12/26/2018, 11:30:56 AM"}
{"message":"STARTING FOR ENVIRONMENT: localhost","level":"info","timestamp":"12/26/2018, 12:00:40 PM"}
{"message":"DATABASE: Connection is created.","level":"info","timestamp":"12/26/2018, 12:28:27 PM"}
{"message":"STARTING FOR ENVIRONMENT: localhost","level":"info","timestamp":"12/26/2018, 12:32:38 PM"}
{"message":"DATABASE: Connection is created.","level":"info","timestamp":"12/26/2018, 12:33:07 PM"}
{"message":"STARTING FOR ENVIRONMENT: localhost","level":"info","timestamp":"12/26/2018, 12:34:17 PM"}
{"message":"STARTING FOR ENVIRONMENT: localhost","level":"info","timestamp":"12/26/2018, 12:35:02 PM"}
{"message":"STARTING FOR ENVIRONMENT: localhost","level":"info","timestamp":"12/26/2018, 12:36:48 PM"}
{"message":"STARTING FOR ENVIRONMENT: localhost","level":"info","timestamp":"12/26/2018, 12:42:22 PM"}
{"message":"DATABASE: Connection is created.","level":"info","timestamp":"12/26/2018, 12:42:25 PM"}
{"message":"STARTING FOR ENVIRONMENT: localhost","level":"info","timestamp":"12/26/2018, 12:42:42 PM"}
{"message":"STARTING FOR ENVIRONMENT: localhost","level":"info","timestamp":"12/26/2018, 12:42:58 PM"}
{"message":"DATABASE: Connection is created.","level":"info","timestamp":"12/26/2018, 12:43:01 PM"}
{"message":"STARTING FOR ENVIRONMENT: localhost","level":"info","timestamp":"12/26/2018, 2:09:11 PM"}
{"message":"STARTING FOR ENVIRONMENT: localhost","level":"info","timestamp":"12/26/2018, 2:09:14 PM"}
{"message":"STARTING FOR ENVIRONMENT: localhost","level":"info","timestamp":"12/26/2018, 2:09:38 PM"}
{"message":"DATABASE: Connection is created.","level":"info","timestamp":"12/26/2018, 2:09:45 PM"}
{"message":"STARTING FOR ENVIRONMENT: localhost","level":"info","timestamp":"12/26/2018, 4:48:26 PM"}
{"message":"DATABASE: Connection is created.","level":"info","timestamp":"12/26/2018, 4:48:34 PM"}
