{"message":"STARTING FOR ENVIRONMENT: localhost","level":"info","timestamp":"1/3/2019, 4:21:44 PM"}
{"message":"STARTING FOR ENVIRONMENT: localhost","level":"info","timestamp":"1/3/2019, 4:22:15 PM"}
{"message":"STARTING FOR ENVIRONMENT: localhost","level":"info","timestamp":"1/3/2019, 4:22:36 PM"}
{"message":"{\"errno\":\"ETIMEDOUT\",\"code\":\"ETIMEDOUT\",\"syscall\":\"connect\",\"address\":\"52.15.233.81\",\"port\":5432}","level":"error","timestamp":"1/3/2019, 4:22:58 PM"}
{"message":"{\"errno\":\"ETIMEDOUT\",\"code\":\"ETIMEDOUT\",\"syscall\":\"connect\",\"address\":\"52.15.233.81\",\"port\":5432}","level":"error","timestamp":"1/3/2019, 4:22:58 PM"}
{"message":"{\"errno\":\"ETIMEDOUT\",\"code\":\"ETIMEDOUT\",\"syscall\":\"connect\",\"address\":\"52.15.233.81\",\"port\":5432}","level":"error","timestamp":"1/3/2019, 4:24:43 PM"}
{"message":"{\"errno\":\"ETIMEDOUT\",\"code\":\"ETIMEDOUT\",\"syscall\":\"connect\",\"address\":\"52.15.233.81\",\"port\":5432}","level":"error","timestamp":"1/3/2019, 4:24:43 PM"}
{"message":"STARTING FOR ENVIRONMENT: localhost","level":"info","timestamp":"1/3/2019, 4:25:22 PM"}
{"message":"STARTING FOR ENVIRONMENT: localhost","level":"info","timestamp":"1/3/2019, 4:25:57 PM"}
{"message":"STARTING FOR ENVIRONMENT: localhost","level":"info","timestamp":"1/3/2019, 4:26:09 PM"}
{"message":"STARTING FOR ENVIRONMENT: localhost","level":"info","timestamp":"1/3/2019, 4:26:18 PM"}
{"message":"STARTING FOR ENVIRONMENT: localhost","level":"info","timestamp":"1/3/2019, 4:26:25 PM"}
{"message":"STARTING FOR ENVIRONMENT: localhost","level":"info","timestamp":"1/3/2019, 4:26:33 PM"}
{"message":"STARTING FOR ENVIRONMENT: localhost","level":"info","timestamp":"1/3/2019, 4:26:51 PM"}
{"message":"STARTING FOR ENVIRONMENT: localhost","level":"info","timestamp":"1/3/2019, 4:27:38 PM"}
{"message":"STARTING FOR ENVIRONMENT: localhost","level":"info","timestamp":"1/3/2019, 4:29:39 PM"}
{"message":"STARTING FOR ENVIRONMENT: localhost","level":"info","timestamp":"1/3/2019, 4:31:31 PM"}
{"message":"STARTING FOR ENVIRONMENT: localhost","level":"info","timestamp":"1/3/2019, 4:32:33 PM"}
{"message":"DATABASE: Connection is created.","level":"info","timestamp":"1/3/2019, 4:32:57 PM"}
{"message":"STARTING FOR ENVIRONMENT: localhost","level":"info","timestamp":"1/3/2019, 4:33:04 PM"}
{"message":"STARTING FOR ENVIRONMENT: localhost","level":"info","timestamp":"1/3/2019, 4:33:30 PM"}
{"message":"STARTING FOR ENVIRONMENT: localhost","level":"info","timestamp":"1/3/2019, 4:43:10 PM"}
{"message":"STARTING FOR ENVIRONMENT: localhost","level":"info","timestamp":"1/3/2019, 4:44:52 PM"}
{"message":"STARTING FOR ENVIRONMENT: localhost","level":"info","timestamp":"1/3/2019, 4:46:00 PM"}
{"message":"STARTING FOR ENVIRONMENT: localhost","level":"info","timestamp":"1/3/2019, 4:47:37 PM"}
{"message":"STARTING FOR ENVIRONMENT: localhost","level":"info","timestamp":"1/3/2019, 4:50:24 PM"}
{"message":"STARTING FOR ENVIRONMENT: localhost","level":"info","timestamp":"1/3/2019, 4:51:36 PM"}
{"message":"STARTING FOR ENVIRONMENT: localhost","level":"info","timestamp":"1/3/2019, 4:58:24 PM"}
{"message":"STARTING FOR ENVIRONMENT: localhost","level":"info","timestamp":"1/3/2019, 5:02:52 PM"}
{"message":"STARTING FOR ENVIRONMENT: localhost","level":"info","timestamp":"1/3/2019, 5:05:28 PM"}
{"message":"STARTING FOR ENVIRONMENT: localhost","level":"info","timestamp":"1/3/2019, 5:07:27 PM"}
{"message":"STARTING FOR ENVIRONMENT: localhost","level":"info","timestamp":"1/3/2019, 5:08:31 PM"}
{"message":"STARTING FOR ENVIRONMENT: localhost","level":"info","timestamp":"1/3/2019, 5:11:31 PM"}
{"message":"STARTING FOR ENVIRONMENT: localhost","level":"info","timestamp":"1/3/2019, 5:11:44 PM"}
{"message":"STARTING FOR ENVIRONMENT: localhost","level":"info","timestamp":"1/3/2019, 5:13:20 PM"}
{"message":"{\"code\":\"NotAuthorizedException\",\"name\":\"NotAuthorizedException\",\"message\":\"Unable to verify secret hash for client 7v4p6sad29cbr2sjsunqutrd67\"}","level":"error","timestamp":"1/3/2019, 5:13:37 PM"}
{"message":"STARTING FOR ENVIRONMENT: localhost","level":"info","timestamp":"1/3/2019, 5:14:07 PM"}
{"message":"STARTING FOR ENVIRONMENT: localhost","level":"info","timestamp":"1/3/2019, 5:40:58 PM"}
{"message":"{\"code\":\"NotAuthorizedException\",\"name\":\"NotAuthorizedException\",\"message\":\"Unable to verify secret hash for client 7v4p6sad29cbr2sjsunqutrd67\"}","level":"error","timestamp":"1/3/2019, 5:41:46 PM"}
{"message":"STARTING FOR ENVIRONMENT: localhost","level":"info","timestamp":"1/3/2019, 6:09:24 PM"}
{"message":"{\"code\":\"ResourceNotFoundException\",\"name\":\"ResourceNotFoundException\",\"message\":\"User pool client 47gq0d70mgctkaiij0349soidu314k273stt4p8hkj8030rs3pa does not exist.\"}","level":"error","timestamp":"1/3/2019, 6:09:28 PM"}
{"message":"STARTING FOR ENVIRONMENT: localhost","level":"info","timestamp":"1/3/2019, 6:11:14 PM"}
{"message":"STARTING FOR ENVIRONMENT: localhost","level":"info","timestamp":"1/3/2019, 6:17:24 PM"}
{"message":"DATABASE: Connection is created.","level":"info","timestamp":"1/3/2019, 6:17:27 PM"}
{"message":"{\"code\":\"NotAuthorizedException\",\"name\":\"NotAuthorizedException\",\"message\":\"Unable to verify secret hash for client 7v4p6sad29cbr2sjsunqutrd67\"}","level":"error","timestamp":"1/3/2019, 6:17:33 PM"}
{"message":"STARTING FOR ENVIRONMENT: localhost","level":"info","timestamp":"1/3/2019, 6:18:50 PM"}
{"message":"{\"code\":\"UserNotFoundException\",\"name\":\"UserNotFoundException\",\"message\":\"User does not exist.\"}","level":"error","timestamp":"1/3/2019, 6:18:54 PM"}
{"message":"{\"code\":\"UserNotFoundException\",\"name\":\"UserNotFoundException\",\"message\":\"User does not exist.\"}","level":"error","timestamp":"1/3/2019, 6:19:13 PM"}
{"message":"STARTING FOR ENVIRONMENT: localhost","level":"info","timestamp":"1/3/2019, 6:19:56 PM"}
{"message":"{\"code\":\"UserNotFoundException\",\"name\":\"UserNotFoundException\",\"message\":\"User does not exist.\"}","level":"error","timestamp":"1/3/2019, 6:20:02 PM"}
{"message":"STARTING FOR ENVIRONMENT: localhost","level":"info","timestamp":"1/3/2019, 6:21:13 PM"}
{"message":"{\"code\":\"UserNotConfirmedException\",\"name\":\"UserNotConfirmedException\",\"message\":\"User is not confirmed.\"}","level":"error","timestamp":"1/3/2019, 6:21:16 PM"}
{"message":"STARTING FOR ENVIRONMENT: localhost","level":"info","timestamp":"1/3/2019, 6:22:17 PM"}
{"message":"{\"code\":\"UserNotConfirmedException\",\"name\":\"UserNotConfirmedException\",\"message\":\"User is not confirmed.\"}","level":"error","timestamp":"1/3/2019, 6:22:27 PM"}
{"message":"STARTING FOR ENVIRONMENT: localhost","level":"info","timestamp":"1/3/2019, 6:23:01 PM"}
{"message":"STARTING FOR ENVIRONMENT: localhost","level":"info","timestamp":"1/3/2019, 6:23:11 PM"}
{"message":"STARTING FOR ENVIRONMENT: localhost","level":"info","timestamp":"1/3/2019, 6:26:55 PM"}
{"message":"STARTING FOR ENVIRONMENT: localhost","level":"info","timestamp":"1/3/2019, 6:26:57 PM"}
{"message":"STARTING FOR ENVIRONMENT: localhost","level":"info","timestamp":"1/3/2019, 6:28:08 PM"}
{"message":"STARTING FOR ENVIRONMENT: localhost","level":"info","timestamp":"1/3/2019, 6:29:50 PM"}
{"message":"STARTING FOR ENVIRONMENT: localhost","level":"info","timestamp":"1/3/2019, 6:29:53 PM"}
{"message":"STARTING FOR ENVIRONMENT: localhost","level":"info","timestamp":"1/3/2019, 6:30:26 PM"}
{"message":"STARTING FOR ENVIRONMENT: localhost","level":"info","timestamp":"1/3/2019, 6:31:49 PM"}
{"message":"STARTING FOR ENVIRONMENT: localhost","level":"info","timestamp":"1/3/2019, 6:31:54 PM"}
{"message":"STARTING FOR ENVIRONMENT: localhost","level":"info","timestamp":"1/3/2019, 6:32:13 PM"}
{"message":"STARTING FOR ENVIRONMENT: localhost","level":"info","timestamp":"1/3/2019, 6:32:24 PM"}
{"message":"STARTING FOR ENVIRONMENT: localhost","level":"info","timestamp":"1/3/2019, 6:33:08 PM"}
{"message":"STARTING FOR ENVIRONMENT: localhost","level":"info","timestamp":"1/3/2019, 6:35:30 PM"}
{"message":"STARTING FOR ENVIRONMENT: localhost","level":"info","timestamp":"1/3/2019, 6:36:20 PM"}
{"message":"STARTING FOR ENVIRONMENT: localhost","level":"info","timestamp":"1/3/2019, 6:36:45 PM"}
{"code":"UserNotConfirmedException","name":"UserNotConfirmedException","message":"User is not confirmed.","level":"error","timestamp":"1/3/2019, 6:36:53 PM"}
{"code":"UserNotFoundException","name":"UserNotFoundException","message":"User does not exist.","level":"error","timestamp":"1/3/2019, 6:38:07 PM"}
{"message":"STARTING FOR ENVIRONMENT: localhost","level":"info","timestamp":"1/3/2019, 6:39:19 PM"}
{"code":"UserNotConfirmedException","name":"UserNotConfirmedException","message":"User is not confirmed.","level":"error","timestamp":"1/3/2019, 6:39:25 PM"}
{"code":"UserNotConfirmedException","name":"UserNotConfirmedException","message":"User is not confirmed.","level":"error","timestamp":"1/3/2019, 6:41:24 PM"}
{"message":"STARTING FOR ENVIRONMENT: localhost","level":"info","timestamp":"1/3/2019, 6:46:44 PM"}
{"message":"STARTING FOR ENVIRONMENT: localhost","level":"info","timestamp":"1/3/2019, 6:47:07 PM"}
{"code":"NotAuthorizedException","name":"NotAuthorizedException","message":"Incorrect username or password.","level":"error","timestamp":"1/3/2019, 6:47:11 PM"}
{"message":"STARTING FOR ENVIRONMENT: localhost","level":"info","timestamp":"1/3/2019, 6:48:09 PM"}
{"message":"STARTING FOR ENVIRONMENT: localhost","level":"info","timestamp":"1/3/2019, 6:48:43 PM"}
{"message":"STARTING FOR ENVIRONMENT: localhost","level":"info","timestamp":"1/3/2019, 6:49:19 PM"}
{"message":"DATABASE: Connection is created.","level":"info","timestamp":"1/3/2019, 6:49:41 PM"}
{"code":"UserNotConfirmedException","name":"UserNotConfirmedException","message":"User is not confirmed.","level":"error","timestamp":"1/3/2019, 6:49:45 PM"}
{"message":"STARTING FOR ENVIRONMENT: localhost","level":"info","timestamp":"1/3/2019, 6:50:50 PM"}
{"message":"STARTING FOR ENVIRONMENT: localhost","level":"info","timestamp":"1/3/2019, 6:51:17 PM"}
{"message":"STARTING FOR ENVIRONMENT: localhost","level":"info","timestamp":"1/3/2019, 6:52:27 PM"}
{"message":"STARTING FOR ENVIRONMENT: localhost","level":"info","timestamp":"1/3/2019, 6:54:14 PM"}
{"message":"STARTING FOR ENVIRONMENT: localhost","level":"info","timestamp":"1/3/2019, 6:54:27 PM"}
{"message":"DATABASE: Connection is created.","level":"info","timestamp":"1/3/2019, 6:57:20 PM"}
{"message":"STARTING FOR ENVIRONMENT: localhost","level":"info","timestamp":"1/3/2019, 7:04:56 PM"}
{"message":"STARTING FOR ENVIRONMENT: localhost","level":"info","timestamp":"1/3/2019, 7:05:13 PM"}
{"message":"DATABASE: Connection is created.","level":"info","timestamp":"1/3/2019, 7:05:29 PM"}
{"message":"STARTING FOR ENVIRONMENT: localhost","level":"info","timestamp":"1/3/2019, 7:05:40 PM"}
{"message":"STARTING FOR ENVIRONMENT: localhost","level":"info","timestamp":"1/3/2019, 7:06:27 PM"}
{"message":"STARTING FOR ENVIRONMENT: localhost","level":"info","timestamp":"1/3/2019, 7:07:38 PM"}
{"message":"STARTING FOR ENVIRONMENT: localhost","level":"info","timestamp":"1/3/2019, 7:10:20 PM"}
{"message":"STARTING FOR ENVIRONMENT: localhost","level":"info","timestamp":"1/3/2019, 7:10:37 PM"}
{"message":"DATABASE: Connection is created.","level":"info","timestamp":"1/3/2019, 7:10:42 PM"}
{"code":"NotAuthorizedException","name":"NotAuthorizedException","message":"Incorrect username or password.","level":"error","timestamp":"1/3/2019, 7:12:50 PM"}
{"message":"STARTING FOR ENVIRONMENT: localhost","level":"info","timestamp":"1/3/2019, 7:13:34 PM"}
{"code":"NotAuthorizedException","name":"NotAuthorizedException","message":"Incorrect username or password.","level":"error","timestamp":"1/3/2019, 7:13:38 PM"}
{"message":"STARTING FOR ENVIRONMENT: localhost","level":"info","timestamp":"1/3/2019, 7:14:20 PM"}
{"message":"STARTING FOR ENVIRONMENT: localhost","level":"info","timestamp":"1/3/2019, 7:14:25 PM"}
{"message":"STARTING FOR ENVIRONMENT: localhost","level":"info","timestamp":"1/3/2019, 7:15:05 PM"}
{"code":"NotAuthorizedException","name":"NotAuthorizedException","message":"Incorrect username or password.","level":"error","timestamp":"1/3/2019, 7:15:11 PM"}
{"code":"NotAuthorizedException","name":"NotAuthorizedException","message":"Incorrect username or password.","level":"error","timestamp":"1/3/2019, 7:15:29 PM"}
{"message":"STARTING FOR ENVIRONMENT: localhost","level":"info","timestamp":"1/3/2019, 7:20:46 PM"}
{"message":"STARTING FOR ENVIRONMENT: localhost","level":"info","timestamp":"1/3/2019, 7:21:30 PM"}
{"message":"STARTING FOR ENVIRONMENT: localhost","level":"info","timestamp":"1/3/2019, 7:21:41 PM"}
{"code":"UserNotFoundException","name":"UserNotFoundException","message":"User does not exist.","level":"error","timestamp":"1/3/2019, 7:21:54 PM"}
{"code":"UserNotFoundException","name":"UserNotFoundException","message":"User does not exist.","level":"error","timestamp":"1/3/2019, 7:23:04 PM"}
{"message":"STARTING FOR ENVIRONMENT: localhost","level":"info","timestamp":"1/3/2019, 7:23:22 PM"}
{"code":"UserNotFoundException","name":"UserNotFoundException","message":"User does not exist.","level":"error","timestamp":"1/3/2019, 7:23:25 PM"}
{"message":"STARTING FOR ENVIRONMENT: localhost","level":"info","timestamp":"1/3/2019, 7:27:53 PM"}
{"code":"UserNotFoundException","name":"UserNotFoundException","message":"User does not exist.","level":"error","timestamp":"1/3/2019, 7:28:06 PM"}
{"message":"STARTING FOR ENVIRONMENT: localhost","level":"info","timestamp":"1/3/2019, 7:29:05 PM"}
{"code":"UserNotConfirmedException","name":"UserNotConfirmedException","message":"User is not confirmed.","level":"error","timestamp":"1/3/2019, 7:29:32 PM"}
{"code":"UserNotConfirmedException","name":"UserNotConfirmedException","message":"User is not confirmed.","level":"error","timestamp":"1/3/2019, 7:32:05 PM"}
{"message":"STARTING FOR ENVIRONMENT: localhost","level":"info","timestamp":"1/3/2019, 7:33:15 PM"}
{"message":"STARTING FOR ENVIRONMENT: localhost","level":"info","timestamp":"1/3/2019, 7:34:11 PM"}
{"message":"STARTING FOR ENVIRONMENT: localhost","level":"info","timestamp":"1/3/2019, 8:05:19 PM"}
{"code":"NotAuthorizedException","name":"NotAuthorizedException","message":"Incorrect username or password.","level":"error","timestamp":"1/3/2019, 8:05:28 PM"}
{"message":"STARTING FOR ENVIRONMENT: localhost","level":"info","timestamp":"1/3/2019, 8:05:46 PM"}
{"code":"NotAuthorizedException","name":"NotAuthorizedException","message":"Incorrect username or password.","level":"error","timestamp":"1/3/2019, 8:05:58 PM"}
{"code":"UserNotFoundException","name":"UserNotFoundException","message":"User does not exist.","level":"error","timestamp":"1/3/2019, 8:06:05 PM"}
{"message":"STARTING FOR ENVIRONMENT: localhost","level":"info","timestamp":"1/3/2019, 8:06:39 PM"}
{"message":"STARTING FOR ENVIRONMENT: localhost","level":"info","timestamp":"1/3/2019, 8:07:10 PM"}
{"message":"STARTING FOR ENVIRONMENT: localhost","level":"info","timestamp":"1/3/2019, 8:07:21 PM"}
{"message":"STARTING FOR ENVIRONMENT: localhost","level":"info","timestamp":"1/3/2019, 8:08:30 PM"}
{"message":"STARTING FOR ENVIRONMENT: localhost","level":"info","timestamp":"1/3/2019, 8:08:49 PM"}
