{"message":"STARTING FOR ENVIRONMENT: localhost","level":"info","timestamp":"1/4/2019, 11:41:31 AM"}
{"message":"STARTING FOR ENVIRONMENT: localhost","level":"info","timestamp":"1/4/2019, 11:42:52 AM"}
{"message":"STARTING FOR ENVIRONMENT: localhost","level":"info","timestamp":"1/4/2019, 11:43:09 AM"}
{"code":"NotAuthorizedException","name":"NotAuthorizedException","message":"Incorrect username or password.","level":"error","timestamp":"1/4/2019, 11:43:16 AM"}
{"code":"UserNotFoundException","name":"UserNotFoundException","message":"User does not exist.","level":"error","timestamp":"1/4/2019, 11:43:26 AM"}
{"message":"STARTING FOR ENVIRONMENT: localhost","level":"info","timestamp":"1/4/2019, 11:44:04 AM"}
{"code":"NotAuthorizedException","name":"NotAuthorizedException","message":"Incorrect username or password.","level":"error","timestamp":"1/4/2019, 11:44:08 AM"}
{"message":"STARTING FOR ENVIRONMENT: localhost","level":"info","timestamp":"1/4/2019, 11:44:12 AM"}
{"message":"STARTING FOR ENVIRONMENT: localhost","level":"info","timestamp":"1/4/2019, 11:44:32 AM"}
{"code":"ResourceNotFoundException","name":"ResourceNotFoundException","message":"User pool client mnpuh9gkdqqo38rgn6ji0um5u1 does not exist.","level":"error","timestamp":"1/4/2019, 11:44:35 AM"}
{"message":"STARTING FOR ENVIRONMENT: localhost","level":"info","timestamp":"1/4/2019, 11:44:42 AM"}
{"message":"STARTING FOR ENVIRONMENT: localhost","level":"info","timestamp":"1/4/2019, 11:46:00 AM"}
{"message":"STARTING FOR ENVIRONMENT: localhost","level":"info","timestamp":"1/4/2019, 11:46:32 AM"}
{"message":"STARTING FOR ENVIRONMENT: localhost","level":"info","timestamp":"1/4/2019, 11:46:34 AM"}
{"message":"STARTING FOR ENVIRONMENT: localhost","level":"info","timestamp":"1/4/2019, 11:47:11 AM"}
{"message":"STARTING FOR ENVIRONMENT: localhost","level":"info","timestamp":"1/4/2019, 11:47:17 AM"}
{"message":"STARTING FOR ENVIRONMENT: localhost","level":"info","timestamp":"1/4/2019, 11:48:03 AM"}
{"message":"STARTING FOR ENVIRONMENT: localhost","level":"info","timestamp":"1/4/2019, 11:58:36 AM"}
{"message":"STARTING FOR ENVIRONMENT: localhost","level":"info","timestamp":"1/4/2019, 12:02:43 PM"}
{"message":"STARTING FOR ENVIRONMENT: localhost","level":"info","timestamp":"1/4/2019, 12:02:47 PM"}
{"message":"STARTING FOR ENVIRONMENT: localhost","level":"info","timestamp":"1/4/2019, 12:02:52 PM"}
{"message":"STARTING FOR ENVIRONMENT: localhost","level":"info","timestamp":"1/4/2019, 12:03:03 PM"}
{"message":"STARTING FOR ENVIRONMENT: localhost","level":"info","timestamp":"1/4/2019, 12:03:14 PM"}
{"message":"STARTING FOR ENVIRONMENT: localhost","level":"info","timestamp":"1/4/2019, 12:03:32 PM"}
{"message":"STARTING FOR ENVIRONMENT: localhost","level":"info","timestamp":"1/4/2019, 12:03:41 PM"}
{"message":"STARTING FOR ENVIRONMENT: localhost","level":"info","timestamp":"1/4/2019, 12:04:20 PM"}
{"message":"STARTING FOR ENVIRONMENT: localhost","level":"info","timestamp":"1/4/2019, 12:05:00 PM"}
{"message":"STARTING FOR ENVIRONMENT: localhost","level":"info","timestamp":"1/4/2019, 12:06:20 PM"}
{"message":"STARTING FOR ENVIRONMENT: localhost","level":"info","timestamp":"1/4/2019, 12:06:39 PM"}
{"message":"STARTING FOR ENVIRONMENT: localhost","level":"info","timestamp":"1/4/2019, 12:07:18 PM"}
{"message":"STARTING FOR ENVIRONMENT: localhost","level":"info","timestamp":"1/4/2019, 12:07:25 PM"}
{"message":"STARTING FOR ENVIRONMENT: localhost","level":"info","timestamp":"1/4/2019, 12:12:30 PM"}
{"message":"STARTING FOR ENVIRONMENT: localhost","level":"info","timestamp":"1/4/2019, 12:14:43 PM"}
{"message":"STARTING FOR ENVIRONMENT: localhost","level":"info","timestamp":"1/4/2019, 12:15:33 PM"}
{"message":"STARTING FOR ENVIRONMENT: localhost","level":"info","timestamp":"1/4/2019, 12:15:40 PM"}
{"message":"STARTING FOR ENVIRONMENT: localhost","level":"info","timestamp":"1/4/2019, 12:15:59 PM"}
{"message":"STARTING FOR ENVIRONMENT: localhost","level":"info","timestamp":"1/4/2019, 12:30:23 PM"}
{"message":"STARTING FOR ENVIRONMENT: localhost","level":"info","timestamp":"1/4/2019, 12:31:43 PM"}
{"message":"STARTING FOR ENVIRONMENT: localhost","level":"info","timestamp":"1/4/2019, 12:32:29 PM"}
{"message":"STARTING FOR ENVIRONMENT: localhost","level":"info","timestamp":"1/4/2019, 12:33:17 PM"}
{"message":"STARTING FOR ENVIRONMENT: localhost","level":"info","timestamp":"1/4/2019, 12:34:01 PM"}
{"message":"STARTING FOR ENVIRONMENT: localhost","level":"info","timestamp":"1/4/2019, 12:35:27 PM"}
{"message":"STARTING FOR ENVIRONMENT: localhost","level":"info","timestamp":"1/4/2019, 12:41:30 PM"}
{"message":"STARTING FOR ENVIRONMENT: localhost","level":"info","timestamp":"1/4/2019, 12:43:33 PM"}
{"message":"STARTING FOR ENVIRONMENT: localhost","level":"info","timestamp":"1/4/2019, 12:43:57 PM"}
{"message":"STARTING FOR ENVIRONMENT: localhost","level":"info","timestamp":"1/4/2019, 12:46:26 PM"}
{"message":"STARTING FOR ENVIRONMENT: localhost","level":"info","timestamp":"1/4/2019, 12:47:19 PM"}
{"message":"STARTING FOR ENVIRONMENT: localhost","level":"info","timestamp":"1/4/2019, 12:48:12 PM"}
{"message":"STARTING FOR ENVIRONMENT: localhost","level":"info","timestamp":"1/4/2019, 12:48:41 PM"}
{"message":"STARTING FOR ENVIRONMENT: localhost","level":"info","timestamp":"1/4/2019, 12:48:51 PM"}
{"message":"STARTING FOR ENVIRONMENT: localhost","level":"info","timestamp":"1/4/2019, 12:50:31 PM"}
{"message":"STARTING FOR ENVIRONMENT: localhost","level":"info","timestamp":"1/4/2019, 12:50:39 PM"}
{"message":"STARTING FOR ENVIRONMENT: localhost","level":"info","timestamp":"1/4/2019, 12:52:00 PM"}
{"message":"STARTING FOR ENVIRONMENT: localhost","level":"info","timestamp":"1/4/2019, 12:52:59 PM"}
{"message":"STARTING FOR ENVIRONMENT: localhost","level":"info","timestamp":"1/4/2019, 12:53:11 PM"}
{"message":"DATABASE: Connection is created.","level":"info","timestamp":"1/4/2019, 12:53:20 PM"}
{"message":"STARTING FOR ENVIRONMENT: localhost","level":"info","timestamp":"1/4/2019, 12:53:31 PM"}
{"message":"STARTING FOR ENVIRONMENT: localhost","level":"info","timestamp":"1/4/2019, 12:56:37 PM"}
{"message":"STARTING FOR ENVIRONMENT: localhost","level":"info","timestamp":"1/4/2019, 1:02:32 PM"}
{"message":"STARTING FOR ENVIRONMENT: localhost","level":"info","timestamp":"1/4/2019, 1:03:00 PM"}
{"message":"STARTING FOR ENVIRONMENT: localhost","level":"info","timestamp":"1/4/2019, 1:03:15 PM"}
{"message":"STARTING FOR ENVIRONMENT: localhost","level":"info","timestamp":"1/4/2019, 1:03:29 PM"}
{"message":"STARTING FOR ENVIRONMENT: localhost","level":"info","timestamp":"1/4/2019, 1:04:59 PM"}
{"message":"STARTING FOR ENVIRONMENT: localhost","level":"info","timestamp":"1/4/2019, 1:05:06 PM"}
{"message":"STARTING FOR ENVIRONMENT: localhost","level":"info","timestamp":"1/4/2019, 1:05:24 PM"}
{"message":"STARTING FOR ENVIRONMENT: localhost","level":"info","timestamp":"1/4/2019, 1:07:24 PM"}
{"message":"STARTING FOR ENVIRONMENT: localhost","level":"info","timestamp":"1/4/2019, 1:15:18 PM"}
{"message":"STARTING FOR ENVIRONMENT: localhost","level":"info","timestamp":"1/4/2019, 1:16:02 PM"}
{"message":"STARTING FOR ENVIRONMENT: localhost","level":"info","timestamp":"1/4/2019, 1:16:31 PM"}
{"message":"STARTING FOR ENVIRONMENT: localhost","level":"info","timestamp":"1/4/2019, 1:17:24 PM"}
{"message":"STARTING FOR ENVIRONMENT: localhost","level":"info","timestamp":"1/4/2019, 1:17:45 PM"}
{"message":"STARTING FOR ENVIRONMENT: localhost","level":"info","timestamp":"1/4/2019, 1:18:11 PM"}
{"message":"STARTING FOR ENVIRONMENT: localhost","level":"info","timestamp":"1/4/2019, 1:22:57 PM"}
{"message":"STARTING FOR ENVIRONMENT: localhost","level":"info","timestamp":"1/4/2019, 1:23:46 PM"}
{"message":"STARTING FOR ENVIRONMENT: localhost","level":"info","timestamp":"1/4/2019, 1:24:24 PM"}
{"message":"STARTING FOR ENVIRONMENT: localhost","level":"info","timestamp":"1/4/2019, 1:24:37 PM"}
{"message":"STARTING FOR ENVIRONMENT: localhost","level":"info","timestamp":"1/4/2019, 1:25:03 PM"}
{"message":"STARTING FOR ENVIRONMENT: localhost","level":"info","timestamp":"1/4/2019, 1:25:39 PM"}
{"message":"STARTING FOR ENVIRONMENT: localhost","level":"info","timestamp":"1/4/2019, 1:26:04 PM"}
{"message":"STARTING FOR ENVIRONMENT: localhost","level":"info","timestamp":"1/4/2019, 1:26:49 PM"}
{"message":"STARTING FOR ENVIRONMENT: localhost","level":"info","timestamp":"1/4/2019, 1:27:09 PM"}
{"message":"STARTING FOR ENVIRONMENT: localhost","level":"info","timestamp":"1/4/2019, 1:27:28 PM"}
{"message":"STARTING FOR ENVIRONMENT: localhost","level":"info","timestamp":"1/4/2019, 1:28:24 PM"}
{"message":"STARTING FOR ENVIRONMENT: localhost","level":"info","timestamp":"1/4/2019, 1:29:42 PM"}
{"message":"STARTING FOR ENVIRONMENT: localhost","level":"info","timestamp":"1/4/2019, 1:30:24 PM"}
{"message":"STARTING FOR ENVIRONMENT: localhost","level":"info","timestamp":"1/4/2019, 1:31:16 PM"}
{"message":"STARTING FOR ENVIRONMENT: localhost","level":"info","timestamp":"1/4/2019, 1:38:48 PM"}
{"message":"STARTING FOR ENVIRONMENT: localhost","level":"info","timestamp":"1/4/2019, 1:53:19 PM"}
{"message":"STARTING FOR ENVIRONMENT: localhost","level":"info","timestamp":"1/4/2019, 1:57:13 PM"}
{"message":"STARTING FOR ENVIRONMENT: localhost","level":"info","timestamp":"1/4/2019, 1:58:59 PM"}
{"message":"STARTING FOR ENVIRONMENT: localhost","level":"info","timestamp":"1/4/2019, 2:07:05 PM"}
{"message":"STARTING FOR ENVIRONMENT: localhost","level":"info","timestamp":"1/4/2019, 2:07:17 PM"}
{"message":"STARTING FOR ENVIRONMENT: localhost","level":"info","timestamp":"1/4/2019, 2:07:42 PM"}
{"message":"STARTING FOR ENVIRONMENT: localhost","level":"info","timestamp":"1/4/2019, 2:25:25 PM"}
{"message":"STARTING FOR ENVIRONMENT: localhost","level":"info","timestamp":"1/4/2019, 2:28:50 PM"}
{"message":"STARTING FOR ENVIRONMENT: localhost","level":"info","timestamp":"1/4/2019, 2:29:10 PM"}
{"message":"STARTING FOR ENVIRONMENT: localhost","level":"info","timestamp":"1/4/2019, 2:29:28 PM"}
{"message":"STARTING FOR ENVIRONMENT: localhost","level":"info","timestamp":"1/4/2019, 2:29:44 PM"}
{"message":"STARTING FOR ENVIRONMENT: localhost","level":"info","timestamp":"1/4/2019, 2:30:10 PM"}
{"message":"STARTING FOR ENVIRONMENT: localhost","level":"info","timestamp":"1/4/2019, 2:30:39 PM"}
{"message":"STARTING FOR ENVIRONMENT: localhost","level":"info","timestamp":"1/4/2019, 2:31:02 PM"}
{"message":"STARTING FOR ENVIRONMENT: localhost","level":"info","timestamp":"1/4/2019, 2:31:27 PM"}
{"message":"STARTING FOR ENVIRONMENT: localhost","level":"info","timestamp":"1/4/2019, 2:31:31 PM"}
{"message":"STARTING FOR ENVIRONMENT: localhost","level":"info","timestamp":"1/4/2019, 2:31:35 PM"}
{"message":"STARTING FOR ENVIRONMENT: localhost","level":"info","timestamp":"1/4/2019, 2:31:49 PM"}
{"message":"STARTING FOR ENVIRONMENT: localhost","level":"info","timestamp":"1/4/2019, 2:31:59 PM"}
{"message":"STARTING FOR ENVIRONMENT: localhost","level":"info","timestamp":"1/4/2019, 2:33:07 PM"}
{"message":"STARTING FOR ENVIRONMENT: localhost","level":"info","timestamp":"1/4/2019, 2:34:52 PM"}
{"message":"STARTING FOR ENVIRONMENT: localhost","level":"info","timestamp":"1/4/2019, 2:35:15 PM"}
{"message":"STARTING FOR ENVIRONMENT: localhost","level":"info","timestamp":"1/4/2019, 2:37:22 PM"}
{"message":"STARTING FOR ENVIRONMENT: localhost","level":"info","timestamp":"1/4/2019, 2:37:40 PM"}
{"message":"STARTING FOR ENVIRONMENT: localhost","level":"info","timestamp":"1/4/2019, 2:39:21 PM"}
{"message":"STARTING FOR ENVIRONMENT: localhost","level":"info","timestamp":"1/4/2019, 2:39:46 PM"}
{"message":"STARTING FOR ENVIRONMENT: localhost","level":"info","timestamp":"1/4/2019, 2:49:00 PM"}
{"message":"STARTING FOR ENVIRONMENT: localhost","level":"info","timestamp":"1/4/2019, 2:49:33 PM"}
{"message":"STARTING FOR ENVIRONMENT: localhost","level":"info","timestamp":"1/4/2019, 2:49:51 PM"}
{"message":"STARTING FOR ENVIRONMENT: localhost","level":"info","timestamp":"1/4/2019, 2:50:17 PM"}
{"message":"STARTING FOR ENVIRONMENT: localhost","level":"info","timestamp":"1/4/2019, 2:50:32 PM"}
{"message":"STARTING FOR ENVIRONMENT: localhost","level":"info","timestamp":"1/4/2019, 2:53:02 PM"}
{"message":"STARTING FOR ENVIRONMENT: localhost","level":"info","timestamp":"1/4/2019, 2:53:52 PM"}
{"message":"STARTING FOR ENVIRONMENT: localhost","level":"info","timestamp":"1/4/2019, 2:54:08 PM"}
{"message":"STARTING FOR ENVIRONMENT: localhost","level":"info","timestamp":"1/4/2019, 2:54:59 PM"}
{"message":"STARTING FOR ENVIRONMENT: localhost","level":"info","timestamp":"1/4/2019, 2:56:15 PM"}
{"message":"STARTING FOR ENVIRONMENT: localhost","level":"info","timestamp":"1/4/2019, 2:58:27 PM"}
{"message":"STARTING FOR ENVIRONMENT: localhost","level":"info","timestamp":"1/4/2019, 2:59:22 PM"}
{"message":"STARTING FOR ENVIRONMENT: localhost","level":"info","timestamp":"1/4/2019, 3:12:09 PM"}
{"message":"STARTING FOR ENVIRONMENT: localhost","level":"info","timestamp":"1/4/2019, 3:13:29 PM"}
{"message":"STARTING FOR ENVIRONMENT: localhost","level":"info","timestamp":"1/4/2019, 3:21:59 PM"}
{"message":"STARTING FOR ENVIRONMENT: localhost","level":"info","timestamp":"1/4/2019, 3:45:00 PM"}
{"message":"STARTING FOR ENVIRONMENT: localhost","level":"info","timestamp":"1/4/2019, 3:54:18 PM"}
{"message":"STARTING FOR ENVIRONMENT: localhost","level":"info","timestamp":"1/4/2019, 3:54:26 PM"}
{"message":"STARTING FOR ENVIRONMENT: localhost","level":"info","timestamp":"1/4/2019, 3:55:14 PM"}
{"message":"STARTING FOR ENVIRONMENT: localhost","level":"info","timestamp":"1/4/2019, 3:55:15 PM"}
{"message":"STARTING FOR ENVIRONMENT: localhost","level":"info","timestamp":"1/4/2019, 4:00:19 PM"}
{"message":"STARTING FOR ENVIRONMENT: localhost","level":"info","timestamp":"1/4/2019, 4:00:28 PM"}
{"message":"STARTING FOR ENVIRONMENT: localhost","level":"info","timestamp":"1/4/2019, 4:17:06 PM"}
{"message":"STARTING FOR ENVIRONMENT: localhost","level":"info","timestamp":"1/4/2019, 4:17:17 PM"}
{"message":"STARTING FOR ENVIRONMENT: localhost","level":"info","timestamp":"1/4/2019, 4:17:25 PM"}
{"message":"STARTING FOR ENVIRONMENT: localhost","level":"info","timestamp":"1/4/2019, 4:20:25 PM"}
{"message":"STARTING FOR ENVIRONMENT: localhost","level":"info","timestamp":"1/4/2019, 4:20:45 PM"}
{"message":"STARTING FOR ENVIRONMENT: localhost","level":"info","timestamp":"1/4/2019, 4:23:54 PM"}
{"message":"STARTING FOR ENVIRONMENT: localhost","level":"info","timestamp":"1/4/2019, 4:29:12 PM"}
{"message":"STARTING FOR ENVIRONMENT: localhost","level":"info","timestamp":"1/4/2019, 4:40:33 PM"}
{"message":"STARTING FOR ENVIRONMENT: localhost","level":"info","timestamp":"1/4/2019, 4:46:06 PM"}
{"message":"STARTING FOR ENVIRONMENT: localhost","level":"info","timestamp":"1/4/2019, 4:48:52 PM"}
{"message":"STARTING FOR ENVIRONMENT: localhost","level":"info","timestamp":"1/4/2019, 4:49:57 PM"}
{"message":"STARTING FOR ENVIRONMENT: localhost","level":"info","timestamp":"1/4/2019, 4:53:07 PM"}
{"message":"STARTING FOR ENVIRONMENT: localhost","level":"info","timestamp":"1/4/2019, 4:54:24 PM"}
{"message":"STARTING FOR ENVIRONMENT: localhost","level":"info","timestamp":"1/4/2019, 4:56:21 PM"}
{"message":"STARTING FOR ENVIRONMENT: localhost","level":"info","timestamp":"1/4/2019, 4:57:12 PM"}
{"message":"STARTING FOR ENVIRONMENT: localhost","level":"info","timestamp":"1/4/2019, 4:57:59 PM"}
{"message":"STARTING FOR ENVIRONMENT: localhost","level":"info","timestamp":"1/4/2019, 4:58:22 PM"}
{"message":"STARTING FOR ENVIRONMENT: localhost","level":"info","timestamp":"1/4/2019, 4:58:34 PM"}
{"message":"STARTING FOR ENVIRONMENT: localhost","level":"info","timestamp":"1/4/2019, 5:00:35 PM"}
{"message":"STARTING FOR ENVIRONMENT: localhost","level":"info","timestamp":"1/4/2019, 5:00:46 PM"}
{"message":"STARTING FOR ENVIRONMENT: localhost","level":"info","timestamp":"1/4/2019, 5:54:40 PM"}
{"message":"STARTING FOR ENVIRONMENT: localhost","level":"info","timestamp":"1/4/2019, 5:54:54 PM"}
